Determining if the pthread_create exist failed with the following output:
Change Dir: /home/giri/myslam/build/CMakeFiles/CMakeTmp

Run Build Command:"/usr/bin/make" "cmTC_a1e32/fast"
/usr/bin/make -f CMakeFiles/cmTC_a1e32.dir/build.make CMakeFiles/cmTC_a1e32.dir/build
make[1]: 进入目录“/home/giri/myslam/build/CMakeFiles/CMakeTmp”
Building C object CMakeFiles/cmTC_a1e32.dir/CheckSymbolExists.c.o
/usr/bin/cc    -o CMakeFiles/cmTC_a1e32.dir/CheckSymbolExists.c.o   -c /home/giri/myslam/build/CMakeFiles/CMakeTmp/CheckSymbolExists.c
Linking C executable cmTC_a1e32
/usr/bin/cmake -E cmake_link_script CMakeFiles/cmTC_a1e32.dir/link.txt --verbose=1
/usr/bin/cc      -rdynamic CMakeFiles/cmTC_a1e32.dir/CheckSymbolExists.c.o  -o cmTC_a1e32 
CMakeFiles/cmTC_a1e32.dir/CheckSymbolExists.c.o：在函数‘main’中：
CheckSymbolExists.c:(.text+0x1b)：对‘pthread_create’未定义的引用
collect2: error: ld returned 1 exit status
CMakeFiles/cmTC_a1e32.dir/build.make:97: recipe for target 'cmTC_a1e32' failed
make[1]: *** [cmTC_a1e32] Error 1
make[1]: 离开目录“/home/giri/myslam/build/CMakeFiles/CMakeTmp”
Makefile:126: recipe for target 'cmTC_a1e32/fast' failed
make: *** [cmTC_a1e32/fast] Error 2

File /home/giri/myslam/build/CMakeFiles/CMakeTmp/CheckSymbolExists.c:
/* */
#include <pthread.h>

int main(int argc, char** argv)
{
  (void)argv;
#ifndef pthread_create
  return ((int*)(&pthread_create))[argc];
#else
  (void)argc;
  return 0;
#endif
}

Determining if the function pthread_create exists in the pthreads failed with the following output:
Change Dir: /home/giri/myslam/build/CMakeFiles/CMakeTmp

Run Build Command:"/usr/bin/make" "cmTC_3de2f/fast"
/usr/bin/make -f CMakeFiles/cmTC_3de2f.dir/build.make CMakeFiles/cmTC_3de2f.dir/build
make[1]: 进入目录“/home/giri/myslam/build/CMakeFiles/CMakeTmp”
Building C object CMakeFiles/cmTC_3de2f.dir/CheckFunctionExists.c.o
/usr/bin/cc   -DCHECK_FUNCTION_EXISTS=pthread_create   -o CMakeFiles/cmTC_3de2f.dir/CheckFunctionExists.c.o   -c /usr/share/cmake-3.10/Modules/CheckFunctionExists.c
Linking C executable cmTC_3de2f
/usr/bin/cmake -E cmake_link_script CMakeFiles/cmTC_3de2f.dir/link.txt --verbose=1
/usr/bin/cc  -DCHECK_FUNCTION_EXISTS=pthread_create    -rdynamic CMakeFiles/cmTC_3de2f.dir/CheckFunctionExists.c.o  -o cmTC_3de2f -lpthreads 
/usr/bin/ld: 找不到 -lpthreads
collect2: error: ld returned 1 exit status
CMakeFiles/cmTC_3de2f.dir/build.make:97: recipe for target 'cmTC_3de2f' failed
make[1]: *** [cmTC_3de2f] Error 1
make[1]: 离开目录“/home/giri/myslam/build/CMakeFiles/CMakeTmp”
Makefile:126: recipe for target 'cmTC_3de2f/fast' failed
make: *** [cmTC_3de2f/fast] Error 2


